0 silly input [ 'prepare' ]
1 silly flags { _: [ 'run' ],
1 silly flags   'reject-cycles': false,
1 silly flags   rejectCycles: false,
1 silly flags   script: 'prepare',
1 silly flags   args: [] }
2 verbose rootPath /workspace/haskell-theia-extension
3 info version 2.11.0
4 silly existsSync /workspace/haskell-theia-extension/VERSION
5 silly initialize attempt
6 silly initialize success
7 silly execute attempt
8 silly runScriptInPackageStreaming [ 'prepare', [], '@theia/haskell' ]
9 silly getExecOpts { cwd: '/workspace/haskell-theia-extension/haskell' }
10 error execute callback with error
11 error Error: Command failed: yarn run prepare
11 error warning package.json: No license field
11 error warning package.json: No license field
11 error /bin/sh: 1: rimraf: not found
11 error error Command failed with exit code 127.
11 error error Command failed with exit code 1.
11 error
11 error yarn run v1.12.3
11 error $ yarn run clean && yarn run build
11 error $ rimraf lib
11 error info Visit https://yarnpkg.com/en/docs/cli/run for documentation about this command.
11 error info Visit https://yarnpkg.com/en/docs/cli/run for documentation about this command.
11 error
11 error     at Promise.all.then.arr (/workspace/haskell-theia-extension/node_modules/lerna/node_modules/execa/index.js:236:11)
11 error     at <anonymous>
